<?xml version="1.0" encoding="UTF-8"?>
<testng-results ignored="0" total="1" passed="1" failed="0" skipped="0">
  <reporter-output>
  </reporter-output>
  <suite started-at="2025-02-06T21:11:03 IST" name="Default suite" finished-at="2025-02-06T21:11:24 IST" duration-ms="21522">
    <groups>
    </groups>
    <test started-at="2025-02-06T21:11:03 IST" name="Default test" finished-at="2025-02-06T21:11:24 IST" duration-ms="21522">
      <class name="tests.LoginTest">
        <test-method is-config="true" signature="setupExtentReports()[pri:0, instance:tests.LoginTest@1b70203f]" started-at="2025-02-06T21:11:02 IST" name="setupExtentReports" finished-at="2025-02-06T21:11:03 IST" duration-ms="501" status="PASS">
          <reporter-output>
          </reporter-output>
        </test-method> <!-- setupExtentReports -->
        <test-method is-config="true" signature="setup()[pri:0, instance:tests.LoginTest@1b70203f]" started-at="2025-02-06T21:11:03 IST" name="setup" finished-at="2025-02-06T21:11:08 IST" duration-ms="5016" status="PASS">
          <reporter-output>
          </reporter-output>
        </test-method> <!-- setup -->
        <test-method signature="validLoginTest()[pri:0, instance:tests.LoginTest@1b70203f]" started-at="2025-02-06T21:11:08 IST" name="validLoginTest" finished-at="2025-02-06T21:11:24 IST" duration-ms="15986" status="PASS">
          <reporter-output>
          </reporter-output>
        </test-method> <!-- validLoginTest -->
        <test-method is-config="true" signature="tearDown(org.testng.ITestResult)[pri:0, instance:tests.LoginTest@1b70203f]" started-at="2025-02-06T21:11:24 IST" name="tearDown" finished-at="2025-02-06T21:11:24 IST" duration-ms="451" status="PASS">
          <params>
            <param index="0">
              <value>
                <![CDATA[[TestResult name=validLoginTest status=SUCCESS method=LoginTest.validLoginTest()[pri:0, instance:tests.LoginTest@1b70203f] output={null}]]]>
              </value>
            </param>
          </params>
          <reporter-output>
          </reporter-output>
        </test-method> <!-- tearDown -->
        <test-method is-config="true" signature="tearDownExtentReports()[pri:0, instance:tests.LoginTest@1b70203f]" started-at="2025-02-06T21:11:24 IST" name="tearDownExtentReports" finished-at="2025-02-06T21:11:25 IST" duration-ms="786" status="PASS">
          <reporter-output>
          </reporter-output>
        </test-method> <!-- tearDownExtentReports -->
      </class> <!-- tests.LoginTest -->
    </test> <!-- Default test -->
  </suite> <!-- Default suite -->
</testng-results>
